{"C:\\Users\\aga77\\Desktop\\HotelBooking\\src\\redux\\slices\\CountrySlice.ts": {"path":"C:\\Users\\aga77\\Desktop\\HotelBooking\\src\\redux\\slices\\CountrySlice.ts","statementMap":{"0":{"start":{"line":1,"column":0},"end":{"line":1,"column":79}},"1":{"start":{"line":10,"column":37},"end":{"line":14,"column":null}},"2":{"start":{"line":16,"column":13},"end":{"line":23,"column":null}},"3":{"start":{"line":18,"column":15},"end":{"line":22,"column":null}},"4":{"start":{"line":19,"column":20},"end":{"line":19,"column":43}},"5":{"start":{"line":20,"column":25},"end":{"line":20,"column":41}},"6":{"start":{"line":21,"column":8},"end":{"line":21,"column":null}},"7":{"start":{"line":25,"column":13},"end":{"line":46,"column":null}},"8":{"start":{"line":30,"column":12},"end":{"line":30,"column":53}},"9":{"start":{"line":34,"column":8},"end":{"line":44,"column":15}},"10":{"start":{"line":36,"column":16},"end":{"line":36,"column":37}},"11":{"start":{"line":39,"column":16},"end":{"line":39,"column":38}},"12":{"start":{"line":40,"column":16},"end":{"line":40,"column":45}},"13":{"start":{"line":43,"column":16},"end":{"line":43,"column":38}},"14":{"start":{"line":48,"column":15},"end":{"line":48,"column":null}},"15":{"start":{"line":50,"column":0},"end":{"line":50,"column":null}}},"fnMap":{"0":{"name":"(anonymous_7)","decl":{"start":{"line":18,"column":4},"end":{"line":18,"column":13}},"loc":{"start":{"line":18,"column":15},"end":{"line":22,"column":null}}},"1":{"name":"(anonymous_8)","decl":{"start":{"line":18,"column":15},"end":{"line":18,"column":null}},"loc":{"start":{"line":18,"column":15},"end":{"line":22,"column":5}}},"2":{"name":"(anonymous_9)","decl":{"start":{"line":29,"column":8},"end":{"line":29,"column":21}},"loc":{"start":{"line":29,"column":65},"end":{"line":31,"column":9}}},"3":{"name":"(anonymous_10)","decl":{"start":{"line":33,"column":19},"end":{"line":33,"column":20}},"loc":{"start":{"line":33,"column":31},"end":{"line":45,"column":5}}},"4":{"name":"(anonymous_11)","decl":{"start":{"line":35,"column":45},"end":{"line":35,"column":46}},"loc":{"start":{"line":35,"column":55},"end":{"line":37,"column":13}}},"5":{"name":"(anonymous_12)","decl":{"start":{"line":38,"column":47},"end":{"line":38,"column":48}},"loc":{"start":{"line":38,"column":65},"end":{"line":41,"column":13}}},"6":{"name":"(anonymous_13)","decl":{"start":{"line":42,"column":46},"end":{"line":42,"column":47}},"loc":{"start":{"line":42,"column":56},"end":{"line":44,"column":13}}}},"branchMap":{},"s":{"0":1,"1":1,"2":1,"3":0,"4":0,"5":0,"6":0,"7":1,"8":1,"9":1,"10":1,"11":1,"12":1,"13":0,"14":1,"15":1},"f":{"0":0,"1":0,"2":1,"3":1,"4":1,"5":1,"6":0},"b":{}}
,"C:\\Users\\aga77\\Desktop\\HotelBooking\\src\\redux\\slices\\HotelSlice.ts": {"path":"C:\\Users\\aga77\\Desktop\\HotelBooking\\src\\redux\\slices\\HotelSlice.ts","statementMap":{"0":{"start":{"line":1,"column":0},"end":{"line":1,"column":79}},"1":{"start":{"line":10,"column":34},"end":{"line":14,"column":null}},"2":{"start":{"line":16,"column":13},"end":{"line":23,"column":null}},"3":{"start":{"line":18,"column":15},"end":{"line":22,"column":null}},"4":{"start":{"line":19,"column":20},"end":{"line":19,"column":43}},"5":{"start":{"line":20,"column":25},"end":{"line":20,"column":41}},"6":{"start":{"line":21,"column":8},"end":{"line":21,"column":31}},"7":{"start":{"line":25,"column":13},"end":{"line":46,"column":null}},"8":{"start":{"line":30,"column":12},"end":{"line":30,"column":51}},"9":{"start":{"line":34,"column":8},"end":{"line":44,"column":15}},"10":{"start":{"line":36,"column":16},"end":{"line":36,"column":37}},"11":{"start":{"line":39,"column":16},"end":{"line":39,"column":38}},"12":{"start":{"line":40,"column":16},"end":{"line":40,"column":45}},"13":{"start":{"line":43,"column":16},"end":{"line":43,"column":38}},"14":{"start":{"line":48,"column":15},"end":{"line":48,"column":null}},"15":{"start":{"line":50,"column":0},"end":{"line":50,"column":null}}},"fnMap":{"0":{"name":"(anonymous_7)","decl":{"start":{"line":18,"column":4},"end":{"line":18,"column":13}},"loc":{"start":{"line":18,"column":15},"end":{"line":22,"column":null}}},"1":{"name":"(anonymous_8)","decl":{"start":{"line":18,"column":15},"end":{"line":18,"column":null}},"loc":{"start":{"line":18,"column":15},"end":{"line":22,"column":5}}},"2":{"name":"(anonymous_9)","decl":{"start":{"line":29,"column":8},"end":{"line":29,"column":19}},"loc":{"start":{"line":29,"column":63},"end":{"line":31,"column":9}}},"3":{"name":"(anonymous_10)","decl":{"start":{"line":33,"column":19},"end":{"line":33,"column":20}},"loc":{"start":{"line":33,"column":31},"end":{"line":45,"column":5}}},"4":{"name":"(anonymous_11)","decl":{"start":{"line":35,"column":42},"end":{"line":35,"column":43}},"loc":{"start":{"line":35,"column":52},"end":{"line":37,"column":13}}},"5":{"name":"(anonymous_12)","decl":{"start":{"line":38,"column":44},"end":{"line":38,"column":45}},"loc":{"start":{"line":38,"column":62},"end":{"line":41,"column":13}}},"6":{"name":"(anonymous_13)","decl":{"start":{"line":42,"column":43},"end":{"line":42,"column":44}},"loc":{"start":{"line":42,"column":53},"end":{"line":44,"column":13}}}},"branchMap":{},"s":{"0":1,"1":1,"2":1,"3":0,"4":0,"5":0,"6":0,"7":1,"8":3,"9":1,"10":0,"11":0,"12":0,"13":0,"14":1,"15":1},"f":{"0":0,"1":0,"2":3,"3":1,"4":0,"5":0,"6":0},"b":{}}
,"C:\\Users\\aga77\\Desktop\\HotelBooking\\src\\utils\\calcTotal.ts": {"path":"C:\\Users\\aga77\\Desktop\\HotelBooking\\src\\utils\\calcTotal.ts","statementMap":{"0":{"start":{"line":3,"column":0},"end":{"line":3,"column":16}},"1":{"start":{"line":8,"column":23},"end":{"line":8,"column":48}},"2":{"start":{"line":9,"column":22},"end":{"line":9,"column":47}},"3":{"start":{"line":10,"column":4},"end":{"line":10,"column":34}}},"fnMap":{"0":{"name":"calcTotal","decl":{"start":{"line":3,"column":16},"end":{"line":3,"column":25}},"loc":{"start":{"line":6,"column":15},"end":{"line":11,"column":1}}}},"branchMap":{"0":{"loc":{"start":{"line":8,"column":24},"end":{"line":8,"column":41}},"type":"cond-expr","locations":[{"start":{"line":8,"column":36},"end":{"line":8,"column":40}},{"start":{"line":8,"column":40},"end":{"line":8,"column":41}}]},"1":{"loc":{"start":{"line":8,"column":24},"end":{"line":8,"column":40}},"type":"binary-expr","locations":[{"start":{"line":8,"column":24},"end":{"line":8,"column":40}},{"start":{"line":8,"column":36},"end":{"line":8,"column":40}}]},"2":{"loc":{"start":{"line":8,"column":24},"end":{"line":8,"column":36}},"type":"cond-expr","locations":[{"start":{"line":8,"column":29},"end":{"line":8,"column":31}},{"start":{"line":8,"column":24},"end":{"line":8,"column":36}}]},"3":{"loc":{"start":{"line":8,"column":24},"end":{"line":8,"column":31}},"type":"binary-expr","locations":[{"start":{"line":8,"column":24},"end":{"line":8,"column":31}},{"start":{"line":8,"column":24},"end":{"line":8,"column":31}}]},"4":{"loc":{"start":{"line":9,"column":23},"end":{"line":9,"column":40}},"type":"cond-expr","locations":[{"start":{"line":9,"column":35},"end":{"line":9,"column":39}},{"start":{"line":9,"column":39},"end":{"line":9,"column":40}}]},"5":{"loc":{"start":{"line":9,"column":23},"end":{"line":9,"column":39}},"type":"binary-expr","locations":[{"start":{"line":9,"column":23},"end":{"line":9,"column":39}},{"start":{"line":9,"column":35},"end":{"line":9,"column":39}}]},"6":{"loc":{"start":{"line":9,"column":23},"end":{"line":9,"column":35}},"type":"cond-expr","locations":[{"start":{"line":9,"column":28},"end":{"line":9,"column":30}},{"start":{"line":9,"column":23},"end":{"line":9,"column":35}}]},"7":{"loc":{"start":{"line":9,"column":23},"end":{"line":9,"column":30}},"type":"binary-expr","locations":[{"start":{"line":9,"column":23},"end":{"line":9,"column":30}},{"start":{"line":9,"column":23},"end":{"line":9,"column":30}}]}},"s":{"0":1,"1":4,"2":4,"3":4},"f":{"0":4},"b":{"0":[2,2],"1":[4,4],"2":[2,2],"3":[4,4],"4":[2,2],"5":[4,4],"6":[2,2],"7":[4,4]}}
,"C:\\Users\\aga77\\Desktop\\HotelBooking\\src\\utils\\hotelsByCountry.ts": {"path":"C:\\Users\\aga77\\Desktop\\HotelBooking\\src\\utils\\hotelsByCountry.ts","statementMap":{"0":{"start":{"line":3,"column":0},"end":{"line":3,"column":16}},"1":{"start":{"line":8,"column":4},"end":{"line":8,"column":32}},"2":{"start":{"line":8,"column":22},"end":{"line":8,"column":32}},"3":{"start":{"line":10,"column":20},"end":{"line":10,"column":65}},"4":{"start":{"line":10,"column":42},"end":{"line":10,"column":64}},"5":{"start":{"line":11,"column":4},"end":{"line":11,"column":28}},"6":{"start":{"line":11,"column":18},"end":{"line":11,"column":28}},"7":{"start":{"line":13,"column":4},"end":{"line":13,"column":60}},"8":{"start":{"line":13,"column":32},"end":{"line":13,"column":58}}},"fnMap":{"0":{"name":"hotelsByCountry","decl":{"start":{"line":3,"column":16},"end":{"line":3,"column":31}},"loc":{"start":{"line":6,"column":19},"end":{"line":14,"column":1}}},"1":{"name":"(anonymous_1)","decl":{"start":{"line":10,"column":35},"end":{"line":10,"column":36}},"loc":{"start":{"line":10,"column":42},"end":{"line":10,"column":64}}},"2":{"name":"(anonymous_2)","decl":{"start":{"line":13,"column":25},"end":{"line":13,"column":26}},"loc":{"start":{"line":13,"column":32},"end":{"line":13,"column":58}}}},"branchMap":{"0":{"loc":{"start":{"line":8,"column":4},"end":{"line":8,"column":32}},"type":"if","locations":[{"start":{"line":8,"column":4},"end":{"line":8,"column":32}},{"start":{},"end":{}}]},"1":{"loc":{"start":{"line":11,"column":4},"end":{"line":11,"column":28}},"type":"if","locations":[{"start":{"line":11,"column":4},"end":{"line":11,"column":28}},{"start":{},"end":{}}]}},"s":{"0":1,"1":4,"2":1,"3":3,"4":5,"5":3,"6":1,"7":2,"8":6},"f":{"0":4,"1":5,"2":6},"b":{"0":[1,3],"1":[1,2]}}
}
