TN:
SF:src\redux\slices\CountrySlice.ts
FN:18,(anonymous_7)
FN:18,(anonymous_8)
FN:29,(anonymous_9)
FN:33,(anonymous_10)
FN:35,(anonymous_11)
FN:38,(anonymous_12)
FN:42,(anonymous_13)
FNF:7
FNH:4
FNDA:0,(anonymous_7)
FNDA:0,(anonymous_8)
FNDA:1,(anonymous_9)
FNDA:1,(anonymous_10)
FNDA:1,(anonymous_11)
FNDA:1,(anonymous_12)
FNDA:0,(anonymous_13)
DA:1,1
DA:10,1
DA:16,1
DA:18,0
DA:19,0
DA:20,0
DA:21,0
DA:25,1
DA:30,1
DA:34,1
DA:36,1
DA:39,1
DA:40,1
DA:43,0
DA:48,1
DA:50,1
LF:16
LH:11
BRF:0
BRH:0
end_of_record
TN:
SF:src\redux\slices\HotelSlice.ts
FN:18,(anonymous_7)
FN:18,(anonymous_8)
FN:29,(anonymous_9)
FN:33,(anonymous_10)
FN:35,(anonymous_11)
FN:38,(anonymous_12)
FN:42,(anonymous_13)
FNF:7
FNH:2
FNDA:0,(anonymous_7)
FNDA:0,(anonymous_8)
FNDA:3,(anonymous_9)
FNDA:1,(anonymous_10)
FNDA:0,(anonymous_11)
FNDA:0,(anonymous_12)
FNDA:0,(anonymous_13)
DA:1,1
DA:10,1
DA:16,1
DA:18,0
DA:19,0
DA:20,0
DA:21,0
DA:25,1
DA:30,3
DA:34,1
DA:36,0
DA:39,0
DA:40,0
DA:43,0
DA:48,1
DA:50,1
LF:16
LH:8
BRF:0
BRH:0
end_of_record
TN:
SF:src\utils\calcTotal.ts
FN:3,calcTotal
FNF:1
FNH:1
FNDA:4,calcTotal
DA:3,1
DA:8,4
DA:9,4
DA:10,4
LF:4
LH:4
BRDA:8,0,0,2
BRDA:8,0,1,2
BRDA:8,1,0,4
BRDA:8,1,1,4
BRDA:8,2,0,2
BRDA:8,2,1,2
BRDA:8,3,0,4
BRDA:8,3,1,4
BRDA:9,4,0,2
BRDA:9,4,1,2
BRDA:9,5,0,4
BRDA:9,5,1,4
BRDA:9,6,0,2
BRDA:9,6,1,2
BRDA:9,7,0,4
BRDA:9,7,1,4
BRF:16
BRH:16
end_of_record
TN:
SF:src\utils\hotelsByCountry.ts
FN:3,hotelsByCountry
FN:10,(anonymous_1)
FN:13,(anonymous_2)
FNF:3
FNH:3
FNDA:4,hotelsByCountry
FNDA:5,(anonymous_1)
FNDA:6,(anonymous_2)
DA:3,1
DA:8,4
DA:10,5
DA:11,3
DA:13,6
LF:5
LH:5
BRDA:8,0,0,1
BRDA:8,0,1,3
BRDA:11,1,0,1
BRDA:11,1,1,2
BRF:4
BRH:4
end_of_record
